<?xml version="1.0" encoding="UTF-8"?>
<testng-results ignored="0" total="1" passed="1" failed="0" skipped="0">
  <reporter-output>
  </reporter-output>
  <suite started-at="2021-04-24T13:21:38Z" name="Default suite" finished-at="2021-04-24T13:22:31Z" duration-ms="53009">
    <groups>
    </groups>
    <test started-at="2021-04-24T13:21:38Z" name="Default test" finished-at="2021-04-24T13:22:31Z" duration-ms="53009">
      <class name="Rubii.NewTest">
        <test-method signature="f()[pri:0, instance:Rubii.NewTest@14fa86ae]" started-at="2021-04-24T08:21:38Z" name="f" finished-at="2021-04-24T08:22:31Z" duration-ms="52943" status="PASS">
          <reporter-output>
          </reporter-output>
        </test-method> <!-- f -->
      </class> <!-- Rubii.NewTest -->
    </test> <!-- Default test -->
  </suite> <!-- Default suite -->
</testng-results>
